DEBUG - {142}
DEBUG - {}
DEBUG - {2, 3, 4, 5, 7, 8, 11, 12, 14, 18, 21, 26, 27, 35, 36, 37, 38, 41, 47, 53, 54, 60, 80, 82, 97, 98, 106, 107, 108, 109, 110, 112, 113, 117, 143, 144, 146, 166, 176, 177, 189, 196, 233, 238}
DEBUG - {142}
DEBUG - {123, 124, 138, 139}
DEBUG - {146, 165}
DEBUG - {}
DEBUG - {}
DEBUG - {}
DEBUG - {128, 160, 187}
DEBUG - {172}
DEBUG - {}
DEBUG - {}
DEBUG - {}
DEBUG - {}
DEBUG - {}
DEBUG - {27, 35}
DEBUG - {}
DEBUG - {182, 183}
DEBUG - {}
DEBUG - {134}
DEBUG - {132}
DEBUG - {14, 27, 31, 35, 36, 37, 60, 190, 192, 214, 240}
DEBUG - {}
DEBUG - {}
DEBUG - {18, 27, 214, 243}
DEBUG - {27, 214}
DEBUG - {27, 146}
DEBUG - {}
DEBUG - {123, 124, 139}
DEBUG - {}
DEBUG - {}
DEBUG - {}
DEBUG - {}
DEBUG - {123, 124, 139}
DEBUG - {161}
DEBUG - {12, 14, 27, 35, 66, 67, 68, 69, 76, 78, 82}
DEBUG - {}
DEBUG - {}
DEBUG - {}
DEBUG - {131, 146, 165, 166, 171}
DEBUG - {}
DEBUG - {11, 12, 18, 27, 35, 36, 41, 176, 211, 214, 223, 224, 243}
DEBUG - {}
DEBUG - {12, 27, 35, 63, 146}
DEBUG - {}
DEBUG - {}
DEBUG - {95, 96, 99, 100, 105, 119, 120, 121, 122, 126, 137, 154, 155, 156, 159, 162, 167, 184, 185, 186, 193, 195, 198, 199, 200, 201, 202, 203, 204, 205, 206, 207, 208, 209, 210, 230, 231, 232, 234, 235, 236, 237}
DEBUG - {128, 129, 130, 160, 187, 188}
DEBUG - {123, 124, 138, 139}
DEBUG - {123, 124, 138, 139}
DEBUG - {}
DEBUG - {}
DEBUG - {}
DEBUG - {}
DEBUG - {}
DEBUG - {}
DEBUG - {}
DEBUG - {154}
DEBUG - {135}
DEBUG - {128, 153, 160, 174, 187}
DEBUG - {}
DEBUG - {}
DEBUG - {}
DEBUG - {}
DEBUG - {162, 167}
DEBUG - {}
DEBUG - {128, 130, 146, 160, 165, 187, 188}
DEBUG - {}
DEBUG - {}
DEBUG - {}
DEBUG - {}
DEBUG - {14, 21, 27, 35, 41, 110, 146}
DEBUG - {164, 178, 179}
DEBUG - {}
DEBUG - {}
DEBUG - {3, 8, 15, 27, 35, 107, 114, 115}
DEBUG - {}
DEBUG - {}
DEBUG - {129, 146, 165}
DEBUG - {123, 124, 139}
DEBUG - {}
DEBUG - {123, 124, 139}
DEBUG - {}
DEBUG - {}
DEBUG - {}
DEBUG - {}
DEBUG - {128, 130, 135, 160, 187, 188}
DEBUG - {}
DEBUG - {}
DEBUG - {}
DEBUG - {}
DEBUG - {}
DEBUG - {}
DEBUG - {}
DEBUG - {138}
DEBUG - {}
DEBUG - {128, 129, 130, 160, 187, 188}
DEBUG - {}
DEBUG - {}
DEBUG - {154}
DEBUG - {}
DEBUG - {}
DEBUG - {}
DEBUG - {}
DEBUG - {}
DEBUG - {128, 132, 133, 160, 166, 187}
DEBUG - {}
DEBUG - {}
DEBUG - {}
DEBUG - {}
DEBUG - {184}
DEBUG - {146, 165}
DEBUG - {}
DEBUG - {}
DEBUG - {}
DEBUG - {}
DEBUG - {12, 14, 18, 27, 35, 36, 176, 190, 214, 224}
DEBUG - {}
DEBUG - {162, 167}
DEBUG - {123, 124, 138, 139}
DEBUG - {}
DEBUG - {129, 130, 188}
DEBUG - {}
DEBUG - {}
DEBUG - {}
DEBUG - {}
DEBUG - {125, 128, 130, 135, 146, 160, 165, 168, 169, 170, 187, 188}
DEBUG - {27, 60}
DEBUG - {}
DEBUG - {}
DEBUG - {18, 27, 214, 223, 243}
DEBUG - {95, 96, 99, 100, 105, 119, 120, 121, 122, 126, 137, 154, 155, 156, 159, 162, 167, 184, 185, 186, 193, 195, 198, 199, 200, 201, 202, 203, 204, 205, 206, 207, 208, 209, 210, 230, 231, 232, 234, 235, 236, 237}
DEBUG - {}
DEBUG - {239}
DEBUG - {}
DEBUG - {}
DEBUG - {}
DEBUG - {}
DEBUG - {}
DEBUG - {142}
DEBUG - {}
DEBUG - {}
DEBUG - {0, 104, 118, 136, 146, 165, 241, 258}
DEBUG - {}
DEBUG - {}
DEBUG - {}
DEBUG - {}
DEBUG - {}
DEBUG - {}
DEBUG - {}
DEBUG - {}
DEBUG - {}
DEBUG - {}
DEBUG - {1, 5, 7, 8, 9, 11, 12, 13, 14, 15, 16, 18, 19, 20, 21, 22, 23, 24, 27, 28, 29, 30, 32, 33, 34, 35, 36, 37, 38, 40, 41, 42, 44, 45, 46, 47, 48, 50, 51, 52, 53, 54, 56, 57, 58, 59, 60, 61, 62, 63, 64, 65, 69, 70, 71, 72, 73, 74, 76, 77, 80, 81, 82, 83, 84, 88, 89, 90, 91, 92, 93, 94, 106, 107, 108, 109, 110, 111, 112, 116, 117, 143, 145, 147, 148, 149, 150, 151, 152, 162, 167, 173, 175, 176, 177, 180, 189, 190, 197, 238, 240}
DEBUG - {}
DEBUG - {}
DEBUG - {163}
DEBUG - {}
DEBUG - {}
DEBUG - {}
DEBUG - {}
DEBUG - {}
DEBUG - {157}
DEBUG - {154}
DEBUG - {127, 128, 132, 160, 166, 187}
DEBUG - {}
DEBUG - {}
DEBUG - {}
DEBUG - {}
DEBUG - {12, 27}
DEBUG - {12, 18, 27, 35, 36, 176, 190, 214, 224, 243}
DEBUG - {}
DEBUG - {}
DEBUG - {128, 132, 160, 187}
DEBUG - {5, 6, 8, 9, 10, 11, 12, 14, 16, 17, 18, 27, 35, 36, 37, 38, 39, 41, 43, 47, 49, 51, 52, 55, 75, 77, 79, 80, 82, 83, 86, 88, 101, 102, 103, 146, 176, 177, 189, 190, 191, 194, 211, 212, 213, 215, 216, 217, 218, 219, 220, 221, 222, 223, 224, 225, 226, 227, 228, 229, 238, 243, 244, 245, 246, 247, 248, 249, 250, 251, 252, 253, 254, 255, 256, 257}
DEBUG - {}
DEBUG - {}
DEBUG - {}
DEBUG - {27, 55, 218}
DEBUG - {}
DEBUG - {}
DEBUG - {16, 27, 35, 214}
DEBUG - {129, 141}
DEBUG - {}
DEBUG - {166}
DEBUG - {}
DEBUG - {}
DEBUG - {}
DEBUG - {128, 132, 160, 187}
DEBUG - {}
DEBUG - {12, 14, 21, 27, 35, 41, 110, 146, 176, 177, 238}
DEBUG - {}
DEBUG - {}
DEBUG - {16, 27, 35, 218}
DEBUG - {}
DEBUG - {}
DEBUG - {138}
DEBUG - {}
DEBUG - {}
DEBUG - {}
DEBUG - {}
DEBUG - {14, 27, 35, 53, 63, 146}
DEBUG - {}
DEBUG - {}
DEBUG - {95, 96, 99, 100, 105, 119, 120, 121, 122, 126, 137, 154, 155, 156, 159, 162, 167, 184, 185, 186, 193, 195, 198, 199, 200, 201, 202, 203, 204, 205, 206, 207, 208, 209, 210, 230, 231, 232, 234, 235, 236, 237}
DEBUG - {140}
DEBUG - {}
DEBUG - {}
DEBUG - {123, 124, 139}
DEBUG - {14, 27, 35, 37, 60, 87, 190, 192, 214, 215, 240}
DEBUG - {95, 96, 99, 100, 105, 119, 120, 121, 122, 126, 137, 154, 155, 156, 159, 162, 167, 184, 185, 186, 193, 195, 198, 199, 200, 201, 202, 203, 204, 205, 206, 207, 208, 209, 210, 230, 231, 232, 234, 235, 236, 237}
DEBUG - {16, 27, 35, 69, 77, 80, 82, 88, 214, 224, 226}
DEBUG - {}
DEBUG - {}
DEBUG - {}
DEBUG - {}
DEBUG - {181}
DEBUG - {123, 124, 138, 139}
DEBUG - {}
DEBUG - {}
DEBUG - {}
DEBUG - {}
DEBUG - {}
DEBUG - {}
DEBUG - {}
DEBUG - {27, 69, 75}
DEBUG - {}
DEBUG - {}
DEBUG - {}
DEBUG - {}
DEBUG - {}
DEBUG - {}
DEBUG - {0, 104, 136, 241, 258}
DEBUG - {}
DEBUG - {}
DEBUG - {}
DEBUG - {}
DEBUG - {}
DEBUG - {}
DEBUG - {}
DEBUG - {}
DEBUG - {127}
DEBUG - {16, 27, 35, 82, 214, 224}
DEBUG - {}
DEBUG - {130, 188}
DEBUG - {}
DEBUG - {}
DEBUG - {}
DEBUG - {242}
DEBUG - {}
DEBUG - {128, 129, 160, 166, 187}
DEBUG - {142}
DEBUG - {}
DEBUG - {178, 179, 184, 185}
DEBUG - {}
DEBUG - {}
DEBUG - {16, 27, 35, 214, 225}
DEBUG - {}
DEBUG - {27, 53, 76, 85, 146}
DEBUG - {}
DEBUG - {3, 14, 27, 107}
DEBUG - {}
DEBUG - {}
DEBUG - {}
DEBUG - {}
DEBUG - {27, 219, 220}
DEBUG - {}
DEBUG - {}
DEBUG - {}
DEBUG - {}
DEBUG - {}
DEBUG - {}
DEBUG - {}
DEBUG - {}
DEBUG - {}
DEBUG - {}
DEBUG - {}
DEBUG - {}
DEBUG - {}
DEBUG - {12, 14, 18, 25, 27, 35, 36, 47, 176, 214, 224, 243}
DEBUG - {}
DEBUG - {166}
DEBUG - {}
DEBUG - {}
DEBUG - {}
DEBUG - {18, 27, 35, 36, 176, 211, 214, 224, 243}
DEBUG - {}
DEBUG - {18, 27, 35, 214, 243}
DEBUG - {12, 14, 27, 63, 146}
DEBUG - {}
DEBUG - {}
DEBUG - {}
DEBUG - {}
DEBUG - {}
DEBUG - {}
DEBUG - {130, 158, 188}
DEBUG - {}
DEBUG - {128, 130, 160, 187, 188}
DEBUG - {}
DEBUG - {}
DEBUG - {12, 14, 15, 16, 18, 27, 35, 36, 41, 176, 190, 214, 224, 243, 250}
DEBUG - {}
DEBUG - {}
DEBUG - {}
DEBUG - {11, 27, 35, 53, 63, 146, 147}
DEBUG - {}
DEBUG - {}
DEBUG - {}
DEBUG - {}
DEBUG - {}
DEBUG - {}
DEBUG - {}
DEBUG - total true bits among feature sets: 794
DEBUG - Printing edges represented by feature sets...
DEBUG - org.apache.catalina.storeconfig.CatalinaClusterSF org.apache.catalina.ha.tcp.SimpleTcpCluster
DEBUG - org.apache.catalina.loader.WebappLoader java.beans.PropertyChangeEvent
DEBUG - org.apache.catalina.loader.WebappLoader java.beans.PropertyChangeListener
DEBUG - org.apache.catalina.loader.WebappLoader java.beans.PropertyChangeSupport
DEBUG - org.apache.catalina.loader.WebappLoader java.io.File
DEBUG - org.apache.catalina.loader.WebappLoader java.io.FilePermission
DEBUG - org.apache.catalina.loader.WebappLoader java.io.IOException
DEBUG - org.apache.catalina.loader.WebappLoader java.lang.Boolean
DEBUG - org.apache.catalina.loader.WebappLoader java.lang.Class
DEBUG - org.apache.catalina.loader.WebappLoader java.lang.ClassLoader
DEBUG - org.apache.catalina.loader.WebappLoader java.lang.Exception
DEBUG - org.apache.catalina.loader.WebappLoader java.lang.IllegalStateException
DEBUG - org.apache.catalina.loader.WebappLoader java.lang.NumberFormatException
DEBUG - org.apache.catalina.loader.WebappLoader java.lang.Object
DEBUG - org.apache.catalina.loader.WebappLoader java.lang.String
DEBUG - org.apache.catalina.loader.WebappLoader java.lang.StringBuilder
DEBUG - org.apache.catalina.loader.WebappLoader java.lang.System
DEBUG - org.apache.catalina.loader.WebappLoader java.lang.Thread
DEBUG - org.apache.catalina.loader.WebappLoader java.lang.Throwable
DEBUG - org.apache.catalina.loader.WebappLoader java.lang.reflect.Constructor
DEBUG - org.apache.catalina.loader.WebappLoader java.net.URL
DEBUG - org.apache.catalina.loader.WebappLoader java.net.URLClassLoader
DEBUG - org.apache.catalina.loader.WebappLoader java.security.Permission
DEBUG - org.apache.catalina.loader.WebappLoader java.util.Iterator
DEBUG - org.apache.catalina.loader.WebappLoader java.util.List
DEBUG - org.apache.catalina.loader.WebappLoader javax.management.ObjectName
DEBUG - org.apache.catalina.loader.WebappLoader javax.servlet.ServletContext
DEBUG - org.apache.catalina.loader.WebappLoader org.apache.catalina.Container
DEBUG - org.apache.catalina.loader.WebappLoader org.apache.catalina.Context
DEBUG - org.apache.catalina.loader.WebappLoader org.apache.catalina.Globals
DEBUG - org.apache.catalina.loader.WebappLoader org.apache.catalina.Lifecycle
DEBUG - org.apache.catalina.loader.WebappLoader org.apache.catalina.LifecycleException
DEBUG - org.apache.catalina.loader.WebappLoader org.apache.catalina.LifecycleState
DEBUG - org.apache.catalina.loader.WebappLoader org.apache.catalina.Loader
DEBUG - org.apache.catalina.loader.WebappLoader org.apache.catalina.WebResourceRoot
DEBUG - org.apache.catalina.loader.WebappLoader org.apache.catalina.loader.Constants
DEBUG - org.apache.catalina.loader.WebappLoader org.apache.catalina.loader.ParallelWebappClassLoader
DEBUG - org.apache.catalina.loader.WebappLoader org.apache.catalina.loader.WebappClassLoaderBase
DEBUG - org.apache.catalina.loader.WebappLoader org.apache.catalina.util.LifecycleMBeanBase
DEBUG - org.apache.catalina.loader.WebappLoader org.apache.juli.logging.Log
DEBUG - org.apache.catalina.loader.WebappLoader org.apache.juli.logging.LogFactory
DEBUG - org.apache.catalina.loader.WebappLoader org.apache.tomcat.util.ExceptionUtils
DEBUG - org.apache.catalina.loader.WebappLoader org.apache.tomcat.util.buf.UDecoder
DEBUG - org.apache.catalina.loader.WebappLoader org.apache.tomcat.util.modeler.Registry
DEBUG - org.apache.catalina.loader.WebappLoader org.apache.tomcat.util.res.StringManager
DEBUG - org.apache.catalina.ha.session.ClusterManagerBase org.apache.catalina.ha.tcp.SimpleTcpCluster
DEBUG - compressionFilters.CompressionFilter org.apache.catalina.connector.Response
DEBUG - compressionFilters.CompressionFilter org.apache.catalina.connector.ResponseFacade
DEBUG - compressionFilters.CompressionFilter org.apache.catalina.filters.TesterHttpServletRequest
DEBUG - compressionFilters.CompressionFilter org.apache.catalina.filters.TesterHttpServletResponse
DEBUG - org.apache.catalina.session.PersistentManagerBase org.apache.catalina.loader.WebappClassLoaderBase
DEBUG - org.apache.catalina.session.PersistentManagerBase org.apache.catalina.util.LifecycleBase
DEBUG - org.apache.catalina.startup.SetNextNamingRule org.apache.catalina.core.StandardContext
DEBUG - org.apache.catalina.startup.SetNextNamingRule org.apache.catalina.startup.FailedContext
DEBUG - org.apache.catalina.startup.SetNextNamingRule org.apache.tomcat.unittest.TesterContext
DEBUG - org.apache.catalina.storeconfig.WebResourceRootSF org.apache.catalina.webresources.StandardRoot
DEBUG - org.apache.catalina.loader.Constants java.lang.Object
DEBUG - org.apache.catalina.loader.Constants java.lang.String
DEBUG - org.apache.tomcat.dbcp.dbcp2.DelegatingConnection org.apache.tomcat.dbcp.dbcp2.DelegatingResultSet
DEBUG - org.apache.tomcat.dbcp.dbcp2.DelegatingConnection org.apache.tomcat.dbcp.dbcp2.DelegatingStatement
DEBUG - org.apache.tomcat.util.net.AbstractEndpoint org.apache.catalina.core.StandardThreadExecutor
DEBUG - org.apache.catalina.storeconfig.StoreConfigLifecycleListener org.apache.catalina.core.StandardServer
DEBUG - org.apache.tomcat.util.digester.Digester$EnvironmentPropertySource java.lang.ClassLoader
DEBUG - org.apache.tomcat.util.digester.Digester$EnvironmentPropertySource java.lang.Object
DEBUG - org.apache.tomcat.util.digester.Digester$EnvironmentPropertySource java.lang.RuntimePermission
DEBUG - org.apache.tomcat.util.digester.Digester$EnvironmentPropertySource java.lang.String
DEBUG - org.apache.tomcat.util.digester.Digester$EnvironmentPropertySource java.lang.StringBuilder
DEBUG - org.apache.tomcat.util.digester.Digester$EnvironmentPropertySource java.lang.System
DEBUG - org.apache.tomcat.util.digester.Digester$EnvironmentPropertySource java.security.Permission
DEBUG - org.apache.tomcat.util.digester.Digester$EnvironmentPropertySource org.apache.tomcat.util.IntrospectionUtils
DEBUG - org.apache.tomcat.util.digester.Digester$EnvironmentPropertySource org.apache.tomcat.util.IntrospectionUtils$SecurePropertySource
DEBUG - org.apache.tomcat.util.digester.Digester$EnvironmentPropertySource org.apache.tomcat.util.digester.Digester
DEBUG - org.apache.tomcat.util.digester.Digester$EnvironmentPropertySource org.apache.tomcat.util.security.PermissionCheck
DEBUG - org.apache.tomcat.util.digester.ObjectCreationFactory java.lang.Exception
DEBUG - org.apache.tomcat.util.digester.ObjectCreationFactory java.lang.Object
DEBUG - org.apache.tomcat.util.digester.ObjectCreationFactory org.apache.tomcat.util.digester.Digester
DEBUG - org.apache.tomcat.util.digester.ObjectCreationFactory org.xml.sax.Attributes
DEBUG - org.apache.tomcat.util.digester.Digester$1 java.lang.Object
DEBUG - org.apache.tomcat.util.digester.Digester$1 org.apache.tomcat.util.digester.Digester
DEBUG - org.apache.catalina.loader.WebappClassLoaderBase$1 java.lang.Object
DEBUG - org.apache.catalina.loader.WebappClassLoaderBase$1 org.apache.catalina.loader.WebappClassLoaderBase
DEBUG - org.apache.catalina.filters.HttpHeaderSecurityFilter org.apache.catalina.connector.Response
DEBUG - org.apache.catalina.filters.HttpHeaderSecurityFilter org.apache.catalina.connector.ResponseFacade
DEBUG - org.apache.catalina.filters.HttpHeaderSecurityFilter org.apache.catalina.filters.TesterHttpServletResponse
DEBUG - org.apache.catalina.filters.AddDefaultCharsetFilter org.apache.catalina.connector.Response
DEBUG - org.apache.catalina.filters.AddDefaultCharsetFilter org.apache.catalina.connector.ResponseFacade
DEBUG - org.apache.catalina.filters.AddDefaultCharsetFilter org.apache.catalina.filters.TesterHttpServletResponse
DEBUG - org.apache.catalina.storeconfig.ChannelSF org.apache.catalina.tribes.group.GroupChannel
DEBUG - org.apache.catalina.loader.JdbcLeakPrevention java.lang.Class
DEBUG - org.apache.catalina.loader.JdbcLeakPrevention java.lang.ClassLoader
DEBUG - org.apache.catalina.loader.JdbcLeakPrevention java.lang.Object
DEBUG - org.apache.catalina.loader.JdbcLeakPrevention java.lang.String
DEBUG - org.apache.catalina.loader.JdbcLeakPrevention java.sql.Driver
DEBUG - org.apache.catalina.loader.JdbcLeakPrevention java.sql.DriverManager
DEBUG - org.apache.catalina.loader.JdbcLeakPrevention java.sql.SQLException
DEBUG - org.apache.catalina.loader.JdbcLeakPrevention java.util.ArrayList
DEBUG - org.apache.catalina.loader.JdbcLeakPrevention java.util.Enumeration
DEBUG - org.apache.catalina.loader.JdbcLeakPrevention java.util.HashSet
DEBUG - org.apache.catalina.loader.JdbcLeakPrevention java.util.List
DEBUG - org.apache.catalina.core.StandardPipeline org.apache.catalina.core.StandardPipeline
DEBUG - org.apache.catalina.core.StandardPipeline org.apache.catalina.loader.WebappClassLoaderBase
DEBUG - org.apache.catalina.core.StandardPipeline org.apache.catalina.util.LifecycleBase
DEBUG - org.apache.catalina.core.StandardPipeline org.apache.catalina.util.LifecycleMBeanBase
DEBUG - org.apache.catalina.core.StandardPipeline org.apache.catalina.valves.ValveBase
DEBUG - org.apache.tomcat.util.digester.FactoryCreateRule java.lang.Boolean
DEBUG - org.apache.tomcat.util.digester.FactoryCreateRule java.lang.Class
DEBUG - org.apache.tomcat.util.digester.FactoryCreateRule java.lang.Exception
DEBUG - org.apache.tomcat.util.digester.FactoryCreateRule java.lang.Object
DEBUG - org.apache.tomcat.util.digester.FactoryCreateRule java.lang.String
DEBUG - org.apache.tomcat.util.digester.FactoryCreateRule java.lang.StringBuilder
DEBUG - org.apache.tomcat.util.digester.FactoryCreateRule java.lang.Throwable
DEBUG - org.apache.tomcat.util.digester.FactoryCreateRule org.apache.juli.logging.Log
DEBUG - org.apache.tomcat.util.digester.FactoryCreateRule org.apache.tomcat.util.digester.ArrayStack
DEBUG - org.apache.tomcat.util.digester.FactoryCreateRule org.apache.tomcat.util.digester.Digester
DEBUG - org.apache.tomcat.util.digester.FactoryCreateRule org.apache.tomcat.util.digester.ObjectCreationFactory
DEBUG - org.apache.tomcat.util.digester.FactoryCreateRule org.apache.tomcat.util.digester.Rule
DEBUG - org.apache.tomcat.util.digester.FactoryCreateRule org.xml.sax.Attributes
DEBUG - org.apache.catalina.loader.WebappClassLoaderBase$PrivilegedFindClassByName java.lang.Class
DEBUG - org.apache.catalina.loader.WebappClassLoaderBase$PrivilegedFindClassByName java.lang.Object
DEBUG - org.apache.catalina.loader.WebappClassLoaderBase$PrivilegedFindClassByName java.lang.String
DEBUG - org.apache.catalina.loader.WebappClassLoaderBase$PrivilegedFindClassByName java.security.PrivilegedAction
DEBUG - org.apache.catalina.loader.WebappClassLoaderBase$PrivilegedFindClassByName org.apache.catalina.loader.WebappClassLoaderBase
DEBUG - org.apache.catalina.realm.TestGenericPrincipal javax.el.Expression
DEBUG - org.apache.catalina.realm.TestGenericPrincipal javax.el.ValueReference
DEBUG - org.apache.catalina.realm.TestGenericPrincipal javax.servlet.http.Cookie
DEBUG - org.apache.catalina.realm.TestGenericPrincipal javax.servlet.jsp.tagext.TagSupport
DEBUG - org.apache.catalina.realm.TestGenericPrincipal num.NumberGuessBean
DEBUG - org.apache.catalina.realm.TestGenericPrincipal org.apache.catalina.authenticator.SingleSignOnEntry
DEBUG - org.apache.catalina.realm.TestGenericPrincipal org.apache.catalina.authenticator.SingleSignOnListener
DEBUG - org.apache.catalina.realm.TestGenericPrincipal org.apache.catalina.authenticator.SingleSignOnSessionKey
DEBUG - org.apache.catalina.realm.TestGenericPrincipal org.apache.catalina.connector.CoyotePrincipal
DEBUG - org.apache.catalina.realm.TestGenericPrincipal org.apache.catalina.core.ApplicationFilterConfig
DEBUG - org.apache.catalina.realm.TestGenericPrincipal org.apache.catalina.deploy.NamingResourcesImpl
DEBUG - org.apache.catalina.realm.TestGenericPrincipal org.apache.catalina.realm.GenericPrincipal
DEBUG - org.apache.catalina.realm.TestGenericPrincipal org.apache.catalina.realm.TesterPrincipal
DEBUG - org.apache.catalina.realm.TestGenericPrincipal org.apache.catalina.servlet4preview.GenericFilter
DEBUG - org.apache.catalina.realm.TestGenericPrincipal org.apache.catalina.session.StandardSession
DEBUG - org.apache.catalina.realm.TestGenericPrincipal org.apache.catalina.tribes.tipis.AbstractReplicatedMap
DEBUG - org.apache.catalina.realm.TestGenericPrincipal org.apache.catalina.util.ParameterMap
DEBUG - org.apache.catalina.realm.TestGenericPrincipal org.apache.tomcat.dbcp.dbcp2.cpdsadapter.DriverAdapterCPDS
DEBUG - org.apache.catalina.realm.TestGenericPrincipal org.apache.tomcat.dbcp.dbcp2.datasources.InstanceKeyDataSource
DEBUG - org.apache.catalina.realm.TestGenericPrincipal org.apache.tomcat.jdbc.pool.PoolProperties
DEBUG - org.apache.catalina.realm.TestGenericPrincipal org.apache.tomcat.util.buf.AbstractChunk
DEBUG - org.apache.catalina.realm.TestGenericPrincipal org.apache.tomcat.util.buf.MessageBytes
DEBUG - org.apache.catalina.realm.TestGenericPrincipal org.apache.tomcat.util.descriptor.web.ApplicationParameter
DEBUG - org.apache.catalina.realm.TestGenericPrincipal org.apache.tomcat.util.descriptor.web.ContextTransaction
DEBUG - org.apache.catalina.realm.TestGenericPrincipal org.apache.tomcat.util.descriptor.web.ErrorPage
DEBUG - org.apache.catalina.realm.TestGenericPrincipal org.apache.tomcat.util.descriptor.web.FilterDef
DEBUG - org.apache.catalina.realm.TestGenericPrincipal org.apache.tomcat.util.descriptor.web.FilterMap
DEBUG - org.apache.catalina.realm.TestGenericPrincipal org.apache.tomcat.util.descriptor.web.InjectionTarget
DEBUG - org.apache.catalina.realm.TestGenericPrincipal org.apache.tomcat.util.descriptor.web.LoginConfig
DEBUG - org.apache.catalina.realm.TestGenericPrincipal org.apache.tomcat.util.descriptor.web.MultipartDef
DEBUG - org.apache.catalina.realm.TestGenericPrincipal org.apache.tomcat.util.descriptor.web.ResourceBase
DEBUG - org.apache.catalina.realm.TestGenericPrincipal org.apache.tomcat.util.descriptor.web.SecurityCollection
DEBUG - org.apache.catalina.realm.TestGenericPrincipal org.apache.tomcat.util.descriptor.web.SecurityConstraint
DEBUG - org.apache.catalina.realm.TestGenericPrincipal org.apache.tomcat.util.descriptor.web.SecurityRoleRef
DEBUG - org.apache.catalina.realm.TestGenericPrincipal org.apache.tomcat.util.descriptor.web.ServletDef
DEBUG - org.apache.catalina.realm.TestGenericPrincipal org.apache.tomcat.util.http.ServerCookie
DEBUG - org.apache.catalina.realm.TestGenericPrincipal org.apache.tomcat.util.http.fileupload.util.FileItemHeadersImpl
DEBUG - org.apache.catalina.realm.TestGenericPrincipal org.apache.tomcat.util.modeler.FeatureInfo
DEBUG - org.apache.catalina.realm.TestGenericPrincipal org.apache.tomcat.util.net.SSLHostConfig
DEBUG - org.apache.catalina.realm.TestGenericPrincipal org.apache.tomcat.util.net.SSLHostConfigCertificate
DEBUG - org.apache.catalina.realm.TestGenericPrincipal org.apache.tomcat.util.net.openssl.OpenSSLConf
DEBUG - org.apache.catalina.realm.TestGenericPrincipal org.apache.tomcat.util.net.openssl.OpenSSLConfCmd
DEBUG - org.apache.catalina.realm.RealmBase org.apache.catalina.core.StandardContext
DEBUG - org.apache.catalina.realm.RealmBase org.apache.catalina.core.StandardEngine
DEBUG - org.apache.catalina.realm.RealmBase org.apache.catalina.core.StandardHost
DEBUG - org.apache.catalina.realm.RealmBase org.apache.catalina.startup.FailedContext
DEBUG - org.apache.catalina.realm.RealmBase org.apache.tomcat.unittest.TesterContext
DEBUG - org.apache.catalina.realm.RealmBase org.apache.tomcat.unittest.TesterHost
DEBUG - org.apache.catalina.core.ApplicationFilterChain org.apache.catalina.connector.Response
DEBUG - org.apache.catalina.core.ApplicationFilterChain org.apache.catalina.connector.ResponseFacade
DEBUG - org.apache.catalina.core.ApplicationFilterChain org.apache.catalina.filters.TesterHttpServletRequest
DEBUG - org.apache.catalina.core.ApplicationFilterChain org.apache.catalina.filters.TesterHttpServletResponse
DEBUG - org.apache.tomcat.websocket.server.UpgradeUtil org.apache.catalina.connector.Response
DEBUG - org.apache.tomcat.websocket.server.UpgradeUtil org.apache.catalina.connector.ResponseFacade
DEBUG - org.apache.tomcat.websocket.server.UpgradeUtil org.apache.catalina.filters.TesterHttpServletRequest
DEBUG - org.apache.tomcat.websocket.server.UpgradeUtil org.apache.catalina.filters.TesterHttpServletResponse
DEBUG - org.apache.catalina.authenticator.AuthenticatorBase org.apache.catalina.realm.GenericPrincipal
DEBUG - org.apache.catalina.startup.WebAnnotationSet org.apache.catalina.core.StandardWrapper
DEBUG - org.apache.catalina.core.StandardWrapper org.apache.catalina.core.StandardContext
DEBUG - org.apache.catalina.core.StandardWrapper org.apache.catalina.manager.ManagerServlet
DEBUG - org.apache.catalina.core.StandardWrapper org.apache.catalina.startup.FailedContext
DEBUG - org.apache.catalina.core.StandardWrapper org.apache.jasper.servlet.JspServlet
DEBUG - org.apache.catalina.core.StandardWrapper org.apache.tomcat.unittest.TesterContext
DEBUG - javax.el.MapELResolver org.apache.catalina.tribes.tipis.AbstractReplicatedMap
DEBUG - javax.el.MapELResolver org.apache.catalina.util.ParameterMap
DEBUG - org.apache.catalina.valves.rewrite.RewriteValve org.apache.catalina.core.StandardContext
DEBUG - org.apache.catalina.valves.rewrite.RewriteValve org.apache.catalina.core.StandardHost
DEBUG - org.apache.catalina.valves.rewrite.RewriteValve org.apache.catalina.loader.WebappClassLoaderBase
DEBUG - org.apache.catalina.valves.rewrite.RewriteValve org.apache.catalina.startup.FailedContext
DEBUG - org.apache.catalina.valves.rewrite.RewriteValve org.apache.catalina.util.LifecycleBase
DEBUG - org.apache.catalina.valves.rewrite.RewriteValve org.apache.tomcat.unittest.TesterContext
DEBUG - org.apache.catalina.valves.rewrite.RewriteValve org.apache.tomcat.unittest.TesterHost
DEBUG - org.apache.catalina.loader.WebappClassLoader java.lang.ClassLoader
DEBUG - org.apache.catalina.loader.WebappClassLoader java.lang.IllegalStateException
DEBUG - org.apache.catalina.loader.WebappClassLoader java.lang.Object
DEBUG - org.apache.catalina.loader.WebappClassLoader java.lang.String
DEBUG - org.apache.catalina.loader.WebappClassLoader java.lang.Throwable
DEBUG - org.apache.catalina.loader.WebappClassLoader org.apache.catalina.LifecycleException
DEBUG - org.apache.catalina.loader.WebappClassLoader org.apache.catalina.loader.WebappClassLoaderBase
DEBUG - org.apache.catalina.mbeans.GlobalResourcesLifecycleListener org.apache.catalina.users.MemoryUserDatabase
DEBUG - org.apache.catalina.mbeans.GlobalResourcesLifecycleListener org.apache.naming.NamingContext
DEBUG - org.apache.catalina.mbeans.GlobalResourcesLifecycleListener org.apache.naming.SelectorContext
DEBUG - org.apache.catalina.Manager java.beans.PropertyChangeListener
DEBUG - org.apache.catalina.Manager java.io.IOException
DEBUG - org.apache.catalina.Manager java.lang.ClassNotFoundException
DEBUG - org.apache.catalina.Manager java.lang.Object
DEBUG - org.apache.catalina.Manager java.lang.String
DEBUG - org.apache.catalina.Manager org.apache.catalina.Context
DEBUG - org.apache.catalina.Manager org.apache.catalina.Session
DEBUG - org.apache.catalina.Manager org.apache.catalina.SessionIdGenerator
DEBUG - org.apache.catalina.session.ManagerBase org.apache.catalina.core.StandardEngine
DEBUG - org.apache.catalina.session.ManagerBase org.apache.catalina.loader.WebappClassLoaderBase
DEBUG - org.apache.catalina.session.ManagerBase org.apache.catalina.util.LifecycleBase
DEBUG - org.apache.catalina.filters.RequestFilter org.apache.catalina.connector.Response
DEBUG - org.apache.catalina.filters.RequestFilter org.apache.catalina.connector.ResponseFacade
DEBUG - org.apache.catalina.filters.RequestFilter org.apache.catalina.filters.TesterHttpServletResponse
DEBUG - org.apache.catalina.filters.RestCsrfPreventionFilter org.apache.catalina.connector.Response
DEBUG - org.apache.catalina.filters.RestCsrfPreventionFilter org.apache.catalina.connector.ResponseFacade
DEBUG - org.apache.catalina.filters.RestCsrfPreventionFilter org.apache.catalina.filters.TesterHttpServletResponse
DEBUG - org.apache.catalina.mapper.MapperListener org.apache.catalina.core.StandardContext
DEBUG - org.apache.catalina.mapper.MapperListener org.apache.catalina.core.StandardHost
DEBUG - org.apache.catalina.mapper.MapperListener org.apache.catalina.core.StandardWrapper
DEBUG - org.apache.catalina.mapper.MapperListener org.apache.catalina.startup.FailedContext
DEBUG - org.apache.catalina.mapper.MapperListener org.apache.tomcat.unittest.TesterContext
DEBUG - org.apache.catalina.mapper.MapperListener org.apache.tomcat.unittest.TesterHost
DEBUG - org.apache.catalina.filters.WebdavFixFilter org.apache.catalina.filters.TesterHttpServletRequest
DEBUG - org.apache.catalina.core.ThreadLocalLeakPreventionListener org.apache.catalina.core.StandardContext
DEBUG - org.apache.catalina.core.ThreadLocalLeakPreventionListener org.apache.catalina.core.StandardEngine
DEBUG - org.apache.catalina.core.ThreadLocalLeakPreventionListener org.apache.catalina.core.StandardHost
DEBUG - org.apache.catalina.core.ThreadLocalLeakPreventionListener org.apache.catalina.startup.FailedContext
DEBUG - org.apache.catalina.core.ThreadLocalLeakPreventionListener org.apache.tomcat.unittest.TesterContext
DEBUG - org.apache.catalina.core.ThreadLocalLeakPreventionListener org.apache.tomcat.unittest.TesterHost
DEBUG - org.apache.catalina.session.StandardSession org.apache.catalina.realm.GenericPrincipal
DEBUG - org.apache.catalina.mbeans.MBeanFactory org.apache.catalina.core.StandardContext
DEBUG - org.apache.catalina.mbeans.MBeanFactory org.apache.catalina.core.StandardServer
DEBUG - org.apache.catalina.mbeans.MBeanFactory org.apache.catalina.core.StandardService
DEBUG - org.apache.catalina.mbeans.MBeanFactory org.apache.catalina.startup.FailedContext
DEBUG - org.apache.catalina.mbeans.MBeanFactory org.apache.catalina.util.LifecycleMBeanBase
DEBUG - org.apache.catalina.mbeans.MBeanFactory org.apache.tomcat.unittest.TesterContext
DEBUG - org.apache.tomcat.dbcp.dbcp2.datasources.InstanceKeyDataSource org.apache.tomcat.dbcp.dbcp2.cpdsadapter.DriverAdapterCPDS
DEBUG - org.apache.catalina.realm.CombinedRealm org.apache.catalina.loader.WebappClassLoaderBase
DEBUG - org.apache.catalina.realm.CombinedRealm org.apache.catalina.util.LifecycleBase
DEBUG - org.apache.tomcat.util.digester.SetNextRule java.lang.Class
DEBUG - org.apache.tomcat.util.digester.SetNextRule java.lang.ClassLoader
DEBUG - org.apache.tomcat.util.digester.SetNextRule java.lang.Exception
DEBUG - org.apache.tomcat.util.digester.SetNextRule java.lang.Object
DEBUG - org.apache.tomcat.util.digester.SetNextRule java.lang.String
DEBUG - org.apache.tomcat.util.digester.SetNextRule java.lang.StringBuilder
DEBUG - org.apache.tomcat.util.digester.SetNextRule org.apache.juli.logging.Log
DEBUG - org.apache.tomcat.util.digester.SetNextRule org.apache.tomcat.util.IntrospectionUtils
DEBUG - org.apache.tomcat.util.digester.SetNextRule org.apache.tomcat.util.digester.Digester
DEBUG - org.apache.tomcat.util.digester.SetNextRule org.apache.tomcat.util.digester.Rule
DEBUG - org.apache.el.parser.AstEmpty org.apache.catalina.tribes.tipis.AbstractReplicatedMap
DEBUG - org.apache.el.parser.AstEmpty org.apache.catalina.util.ParameterMap
DEBUG - org.apache.catalina.filters.RequestDumperFilter org.apache.catalina.connector.Response
DEBUG - org.apache.catalina.filters.RequestDumperFilter org.apache.catalina.connector.ResponseFacade
DEBUG - org.apache.catalina.filters.RequestDumperFilter org.apache.catalina.filters.TesterHttpServletRequest
DEBUG - org.apache.catalina.filters.RequestDumperFilter org.apache.catalina.filters.TesterHttpServletResponse
DEBUG - org.apache.catalina.storeconfig.StandardContextSF org.apache.catalina.core.StandardEngine
DEBUG - org.apache.catalina.storeconfig.StandardContextSF org.apache.catalina.core.StandardHost
DEBUG - org.apache.catalina.storeconfig.StandardContextSF org.apache.tomcat.unittest.TesterHost
DEBUG - org.apache.catalina.core.ContainerBase org.apache.catalina.core.AccessLogAdapter
DEBUG - org.apache.catalina.core.ContainerBase org.apache.catalina.core.StandardContext
DEBUG - org.apache.catalina.core.ContainerBase org.apache.catalina.core.StandardHost
DEBUG - org.apache.catalina.core.ContainerBase org.apache.catalina.core.StandardWrapper
DEBUG - org.apache.catalina.core.ContainerBase org.apache.catalina.loader.WebappClassLoaderBase
DEBUG - org.apache.catalina.core.ContainerBase org.apache.catalina.startup.FailedContext
DEBUG - org.apache.catalina.core.ContainerBase org.apache.catalina.util.LifecycleBase
DEBUG - org.apache.catalina.core.ContainerBase org.apache.catalina.valves.AbstractAccessLogValve
DEBUG - org.apache.catalina.core.ContainerBase org.apache.catalina.valves.JDBCAccessLogValve
DEBUG - org.apache.catalina.core.ContainerBase org.apache.catalina.valves.TesterAccessLogValve
DEBUG - org.apache.catalina.core.ContainerBase org.apache.tomcat.unittest.TesterContext
DEBUG - org.apache.catalina.core.ContainerBase org.apache.tomcat.unittest.TesterHost
DEBUG - org.apache.tomcat.util.security.PermissionCheck java.lang.Object
DEBUG - org.apache.tomcat.util.security.PermissionCheck java.security.Permission
DEBUG - org.apache.tomcat.util.digester.AbstractObjectCreationFactory java.lang.Exception
DEBUG - org.apache.tomcat.util.digester.AbstractObjectCreationFactory java.lang.Object
DEBUG - org.apache.tomcat.util.digester.AbstractObjectCreationFactory org.apache.tomcat.util.digester.Digester
DEBUG - org.apache.tomcat.util.digester.AbstractObjectCreationFactory org.apache.tomcat.util.digester.ObjectCreationFactory
DEBUG - org.apache.tomcat.util.digester.AbstractObjectCreationFactory org.xml.sax.Attributes
DEBUG - org.apache.catalina.authenticator.SingleSignOnEntry javax.el.Expression
DEBUG - org.apache.catalina.authenticator.SingleSignOnEntry javax.el.ValueReference
DEBUG - org.apache.catalina.authenticator.SingleSignOnEntry javax.servlet.http.Cookie
DEBUG - org.apache.catalina.authenticator.SingleSignOnEntry javax.servlet.jsp.tagext.TagSupport
DEBUG - org.apache.catalina.authenticator.SingleSignOnEntry num.NumberGuessBean
DEBUG - org.apache.catalina.authenticator.SingleSignOnEntry org.apache.catalina.authenticator.SingleSignOnEntry
DEBUG - org.apache.catalina.authenticator.SingleSignOnEntry org.apache.catalina.authenticator.SingleSignOnListener
DEBUG - org.apache.catalina.authenticator.SingleSignOnEntry org.apache.catalina.authenticator.SingleSignOnSessionKey
DEBUG - org.apache.catalina.authenticator.SingleSignOnEntry org.apache.catalina.connector.CoyotePrincipal
DEBUG - org.apache.catalina.authenticator.SingleSignOnEntry org.apache.catalina.core.ApplicationFilterConfig
DEBUG - org.apache.catalina.authenticator.SingleSignOnEntry org.apache.catalina.deploy.NamingResourcesImpl
DEBUG - org.apache.catalina.authenticator.SingleSignOnEntry org.apache.catalina.realm.GenericPrincipal
DEBUG - org.apache.catalina.authenticator.SingleSignOnEntry org.apache.catalina.realm.TesterPrincipal
DEBUG - org.apache.catalina.authenticator.SingleSignOnEntry org.apache.catalina.servlet4preview.GenericFilter
DEBUG - org.apache.catalina.authenticator.SingleSignOnEntry org.apache.catalina.session.StandardSession
DEBUG - org.apache.catalina.authenticator.SingleSignOnEntry org.apache.catalina.tribes.tipis.AbstractReplicatedMap
DEBUG - org.apache.catalina.authenticator.SingleSignOnEntry org.apache.catalina.util.ParameterMap
DEBUG - org.apache.catalina.authenticator.SingleSignOnEntry org.apache.tomcat.dbcp.dbcp2.cpdsadapter.DriverAdapterCPDS
DEBUG - org.apache.catalina.authenticator.SingleSignOnEntry org.apache.tomcat.dbcp.dbcp2.datasources.InstanceKeyDataSource
DEBUG - org.apache.catalina.authenticator.SingleSignOnEntry org.apache.tomcat.jdbc.pool.PoolProperties
DEBUG - org.apache.catalina.authenticator.SingleSignOnEntry org.apache.tomcat.util.buf.AbstractChunk
DEBUG - org.apache.catalina.authenticator.SingleSignOnEntry org.apache.tomcat.util.buf.MessageBytes
DEBUG - org.apache.catalina.authenticator.SingleSignOnEntry org.apache.tomcat.util.descriptor.web.ApplicationParameter
DEBUG - org.apache.catalina.authenticator.SingleSignOnEntry org.apache.tomcat.util.descriptor.web.ContextTransaction
DEBUG - org.apache.catalina.authenticator.SingleSignOnEntry org.apache.tomcat.util.descriptor.web.ErrorPage
DEBUG - org.apache.catalina.authenticator.SingleSignOnEntry org.apache.tomcat.util.descriptor.web.FilterDef
DEBUG - org.apache.catalina.authenticator.SingleSignOnEntry org.apache.tomcat.util.descriptor.web.FilterMap
DEBUG - org.apache.catalina.authenticator.SingleSignOnEntry org.apache.tomcat.util.descriptor.web.InjectionTarget
DEBUG - org.apache.catalina.authenticator.SingleSignOnEntry org.apache.tomcat.util.descriptor.web.LoginConfig
DEBUG - org.apache.catalina.authenticator.SingleSignOnEntry org.apache.tomcat.util.descriptor.web.MultipartDef
DEBUG - org.apache.catalina.authenticator.SingleSignOnEntry org.apache.tomcat.util.descriptor.web.ResourceBase
DEBUG - org.apache.catalina.authenticator.SingleSignOnEntry org.apache.tomcat.util.descriptor.web.SecurityCollection
DEBUG - org.apache.catalina.authenticator.SingleSignOnEntry org.apache.tomcat.util.descriptor.web.SecurityConstraint
DEBUG - org.apache.catalina.authenticator.SingleSignOnEntry org.apache.tomcat.util.descriptor.web.SecurityRoleRef
DEBUG - org.apache.catalina.authenticator.SingleSignOnEntry org.apache.tomcat.util.descriptor.web.ServletDef
DEBUG - org.apache.catalina.authenticator.SingleSignOnEntry org.apache.tomcat.util.http.ServerCookie
DEBUG - org.apache.catalina.authenticator.SingleSignOnEntry org.apache.tomcat.util.http.fileupload.util.FileItemHeadersImpl
DEBUG - org.apache.catalina.authenticator.SingleSignOnEntry org.apache.tomcat.util.modeler.FeatureInfo
DEBUG - org.apache.catalina.authenticator.SingleSignOnEntry org.apache.tomcat.util.net.SSLHostConfig
DEBUG - org.apache.catalina.authenticator.SingleSignOnEntry org.apache.tomcat.util.net.SSLHostConfigCertificate
DEBUG - org.apache.catalina.authenticator.SingleSignOnEntry org.apache.tomcat.util.net.openssl.OpenSSLConf
DEBUG - org.apache.catalina.authenticator.SingleSignOnEntry org.apache.tomcat.util.net.openssl.OpenSSLConfCmd
DEBUG - org.apache.catalina.storeconfig.JarScannerSF org.apache.tomcat.util.scan.StandardJarScanner
DEBUG - org.apache.catalina.ha.tcp.ReplicationValve org.apache.catalina.ha.tcp.SimpleTcpCluster
DEBUG - org.apache.catalina.core.StandardContext async.AsyncStockContextListener
DEBUG - org.apache.catalina.core.StandardContext listeners.ContextListener
DEBUG - org.apache.catalina.core.StandardContext org.apache.catalina.authenticator.AuthenticatorBase
DEBUG - org.apache.catalina.core.StandardContext org.apache.catalina.core.TesterTldListener
DEBUG - org.apache.catalina.core.StandardContext org.apache.catalina.loader.WebappClassLoaderBase
DEBUG - org.apache.catalina.core.StandardContext org.apache.catalina.util.LifecycleBase
DEBUG - org.apache.catalina.core.StandardContext org.apache.tomcat.websocket.server.WsContextListener
DEBUG - org.apache.catalina.core.StandardContext websocket.drawboard.DrawboardContextListener
DEBUG - org.apache.catalina.loader.WebappClassLoaderBase java.beans.Introspector
DEBUG - org.apache.catalina.loader.WebappClassLoaderBase java.io.File
DEBUG - org.apache.catalina.loader.WebappClassLoaderBase java.io.FilePermission
DEBUG - org.apache.catalina.loader.WebappClassLoaderBase java.io.IOException
DEBUG - org.apache.catalina.loader.WebappClassLoaderBase java.io.InputStream
DEBUG - org.apache.catalina.loader.WebappClassLoaderBase java.lang.Boolean
DEBUG - org.apache.catalina.loader.WebappClassLoaderBase java.lang.Class
DEBUG - org.apache.catalina.loader.WebappClassLoaderBase java.lang.ClassCastException
DEBUG - org.apache.catalina.loader.WebappClassLoaderBase java.lang.ClassLoader
DEBUG - org.apache.catalina.loader.WebappClassLoaderBase java.lang.ClassNotFoundException
DEBUG - org.apache.catalina.loader.WebappClassLoaderBase java.lang.Deprecated
DEBUG - org.apache.catalina.loader.WebappClassLoaderBase java.lang.Exception
DEBUG - org.apache.catalina.loader.WebappClassLoaderBase java.lang.IllegalAccessException
DEBUG - org.apache.catalina.loader.WebappClassLoaderBase java.lang.IllegalArgumentException
DEBUG - org.apache.catalina.loader.WebappClassLoaderBase java.lang.IllegalStateException
DEBUG - org.apache.catalina.loader.WebappClassLoaderBase java.lang.InterruptedException
DEBUG - org.apache.catalina.loader.WebappClassLoaderBase java.lang.Long
DEBUG - org.apache.catalina.loader.WebappClassLoaderBase java.lang.NoSuchFieldException
DEBUG - org.apache.catalina.loader.WebappClassLoaderBase java.lang.Object
DEBUG - org.apache.catalina.loader.WebappClassLoaderBase java.lang.Package
DEBUG - org.apache.catalina.loader.WebappClassLoaderBase java.lang.ReflectiveOperationException
DEBUG - org.apache.catalina.loader.WebappClassLoaderBase java.lang.RuntimeException
DEBUG - org.apache.catalina.loader.WebappClassLoaderBase java.lang.SecurityException
DEBUG - org.apache.catalina.loader.WebappClassLoaderBase java.lang.SecurityManager
DEBUG - org.apache.catalina.loader.WebappClassLoaderBase java.lang.StackTraceElement
DEBUG - org.apache.catalina.loader.WebappClassLoaderBase java.lang.String
DEBUG - org.apache.catalina.loader.WebappClassLoaderBase java.lang.StringBuilder
DEBUG - org.apache.catalina.loader.WebappClassLoaderBase java.lang.System
DEBUG - org.apache.catalina.loader.WebappClassLoaderBase java.lang.Thread
DEBUG - org.apache.catalina.loader.WebappClassLoaderBase java.lang.ThreadGroup
DEBUG - org.apache.catalina.loader.WebappClassLoaderBase java.lang.Throwable
DEBUG - org.apache.catalina.loader.WebappClassLoaderBase java.lang.UnsupportedClassVersionError
DEBUG - org.apache.catalina.loader.WebappClassLoaderBase java.lang.instrument.ClassFileTransformer
DEBUG - org.apache.catalina.loader.WebappClassLoaderBase java.lang.instrument.IllegalClassFormatException
DEBUG - org.apache.catalina.loader.WebappClassLoaderBase java.lang.ref.Reference
DEBUG - org.apache.catalina.loader.WebappClassLoaderBase java.lang.reflect.Constructor
DEBUG - org.apache.catalina.loader.WebappClassLoaderBase java.lang.reflect.Field
DEBUG - org.apache.catalina.loader.WebappClassLoaderBase java.lang.reflect.Method
DEBUG - org.apache.catalina.loader.WebappClassLoaderBase java.net.URI
DEBUG - org.apache.catalina.loader.WebappClassLoaderBase java.net.URISyntaxException
DEBUG - org.apache.catalina.loader.WebappClassLoaderBase java.net.URL
DEBUG - org.apache.catalina.loader.WebappClassLoaderBase java.net.URLClassLoader
DEBUG - org.apache.catalina.loader.WebappClassLoaderBase java.security.AccessControlException
DEBUG - org.apache.catalina.loader.WebappClassLoaderBase java.security.AccessController
DEBUG - org.apache.catalina.loader.WebappClassLoaderBase java.security.AllPermission
DEBUG - org.apache.catalina.loader.WebappClassLoaderBase java.security.CodeSource
DEBUG - org.apache.catalina.loader.WebappClassLoaderBase java.security.Permission
DEBUG - org.apache.catalina.loader.WebappClassLoaderBase java.security.PermissionCollection
DEBUG - org.apache.catalina.loader.WebappClassLoaderBase java.security.Policy
DEBUG - org.apache.catalina.loader.WebappClassLoaderBase java.security.PrivilegedAction
DEBUG - org.apache.catalina.loader.WebappClassLoaderBase java.security.ProtectionDomain
DEBUG - org.apache.catalina.loader.WebappClassLoaderBase java.security.cert.Certificate
DEBUG - org.apache.catalina.loader.WebappClassLoaderBase java.util.ArrayList
DEBUG - org.apache.catalina.loader.WebappClassLoaderBase java.util.Arrays
DEBUG - org.apache.catalina.loader.WebappClassLoaderBase java.util.Collection
DEBUG - org.apache.catalina.loader.WebappClassLoaderBase java.util.Collections
DEBUG - org.apache.catalina.loader.WebappClassLoaderBase java.util.ConcurrentModificationException
DEBUG - org.apache.catalina.loader.WebappClassLoaderBase java.util.Date
DEBUG - org.apache.catalina.loader.WebappClassLoaderBase java.util.Enumeration
DEBUG - org.apache.catalina.loader.WebappClassLoaderBase java.util.HashMap
DEBUG - org.apache.catalina.loader.WebappClassLoaderBase java.util.Iterator
DEBUG - org.apache.catalina.loader.WebappClassLoaderBase java.util.LinkedHashSet
DEBUG - org.apache.catalina.loader.WebappClassLoaderBase java.util.List
DEBUG - org.apache.catalina.loader.WebappClassLoaderBase java.util.Map
DEBUG - org.apache.catalina.loader.WebappClassLoaderBase java.util.Map$Entry
DEBUG - org.apache.catalina.loader.WebappClassLoaderBase java.util.Set
DEBUG - org.apache.catalina.loader.WebappClassLoaderBase java.util.concurrent.ConcurrentHashMap
DEBUG - org.apache.catalina.loader.WebappClassLoaderBase java.util.concurrent.CopyOnWriteArrayList
DEBUG - org.apache.catalina.loader.WebappClassLoaderBase java.util.concurrent.ThreadPoolExecutor
DEBUG - org.apache.catalina.loader.WebappClassLoaderBase java.util.jar.Attributes
DEBUG - org.apache.catalina.loader.WebappClassLoaderBase java.util.jar.Attributes$Name
DEBUG - org.apache.catalina.loader.WebappClassLoaderBase java.util.jar.Manifest
DEBUG - org.apache.catalina.loader.WebappClassLoaderBase org.apache.catalina.Container
DEBUG - org.apache.catalina.loader.WebappClassLoaderBase org.apache.catalina.Context
DEBUG - org.apache.catalina.loader.WebappClassLoaderBase org.apache.catalina.Globals
DEBUG - org.apache.catalina.loader.WebappClassLoaderBase org.apache.catalina.Lifecycle
DEBUG - org.apache.catalina.loader.WebappClassLoaderBase org.apache.catalina.LifecycleException
DEBUG - org.apache.catalina.loader.WebappClassLoaderBase org.apache.catalina.LifecycleListener
DEBUG - org.apache.catalina.loader.WebappClassLoaderBase org.apache.catalina.LifecycleState
DEBUG - org.apache.catalina.loader.WebappClassLoaderBase org.apache.catalina.WebResource
DEBUG - org.apache.catalina.loader.WebappClassLoaderBase org.apache.catalina.WebResourceRoot
DEBUG - org.apache.catalina.loader.WebappClassLoaderBase org.apache.catalina.loader.Constants
DEBUG - org.apache.catalina.loader.WebappClassLoaderBase org.apache.catalina.loader.ResourceEntry
DEBUG - org.apache.catalina.loader.WebappClassLoaderBase org.apache.catalina.loader.WebappClassLoaderBase$1
DEBUG - org.apache.catalina.loader.WebappClassLoaderBase org.apache.catalina.loader.WebappClassLoaderBase$CombinedEnumeration
DEBUG - org.apache.catalina.loader.WebappClassLoaderBase org.apache.catalina.loader.WebappClassLoaderBase$PrivilegedFindClassByName
DEBUG - org.apache.catalina.loader.WebappClassLoaderBase org.apache.catalina.loader.WebappClassLoaderBase$PrivilegedGetClassLoader
DEBUG - org.apache.catalina.loader.WebappClassLoaderBase org.apache.catalina.loader.WebappClassLoaderBase$PrivilegedHasLoggingConfig
DEBUG - org.apache.catalina.loader.WebappClassLoaderBase org.apache.catalina.loader.WebappClassLoaderBase$PrivilegedJavaseGetResource
DEBUG - org.apache.catalina.loader.WebappClassLoaderBase org.apache.catalina.tribes.tipis.AbstractReplicatedMap
DEBUG - org.apache.catalina.loader.WebappClassLoaderBase org.apache.catalina.util.ParameterMap
DEBUG - org.apache.catalina.loader.WebappClassLoaderBase org.apache.catalina.webresources.TomcatURLStreamHandlerFactory
DEBUG - org.apache.catalina.loader.WebappClassLoaderBase org.apache.juli.WebappProperties
DEBUG - org.apache.catalina.loader.WebappClassLoaderBase org.apache.juli.logging.Log
DEBUG - org.apache.catalina.loader.WebappClassLoaderBase org.apache.juli.logging.LogFactory
DEBUG - org.apache.catalina.loader.WebappClassLoaderBase org.apache.tomcat.InstrumentableClassLoader
DEBUG - org.apache.catalina.loader.WebappClassLoaderBase org.apache.tomcat.util.ExceptionUtils
DEBUG - org.apache.catalina.loader.WebappClassLoaderBase org.apache.tomcat.util.IntrospectionUtils
DEBUG - org.apache.catalina.loader.WebappClassLoaderBase org.apache.tomcat.util.compat.JreCompat
DEBUG - org.apache.catalina.loader.WebappClassLoaderBase org.apache.tomcat.util.res.StringManager
DEBUG - org.apache.catalina.loader.WebappClassLoaderBase org.apache.tomcat.util.security.PermissionCheck
DEBUG - org.apache.catalina.realm.UserDatabaseRealm org.apache.catalina.users.AbstractUser
DEBUG - org.apache.catalina.storeconfig.ManagerSF org.apache.catalina.session.ManagerBase
DEBUG - org.apache.catalina.connector.Request org.apache.catalina.realm.GenericPrincipal
DEBUG - org.apache.catalina.deploy.NamingResourcesImpl org.apache.catalina.core.ContainerBase
DEBUG - org.apache.catalina.deploy.NamingResourcesImpl org.apache.catalina.core.StandardContext
DEBUG - org.apache.catalina.deploy.NamingResourcesImpl org.apache.catalina.core.StandardServer
DEBUG - org.apache.catalina.deploy.NamingResourcesImpl org.apache.catalina.startup.FailedContext
DEBUG - org.apache.catalina.deploy.NamingResourcesImpl org.apache.catalina.util.LifecycleMBeanBase
DEBUG - org.apache.catalina.deploy.NamingResourcesImpl org.apache.tomcat.unittest.TesterContext
DEBUG - org.apache.catalina.loader.ResourceEntry java.lang.Class
DEBUG - org.apache.catalina.loader.ResourceEntry java.lang.Object
DEBUG - org.apache.tomcat.util.digester.SetPropertiesRule java.lang.Class
DEBUG - org.apache.tomcat.util.digester.SetPropertiesRule java.lang.Exception
DEBUG - org.apache.tomcat.util.digester.SetPropertiesRule java.lang.Object
DEBUG - org.apache.tomcat.util.digester.SetPropertiesRule java.lang.String
DEBUG - org.apache.tomcat.util.digester.SetPropertiesRule java.lang.StringBuilder
DEBUG - org.apache.tomcat.util.digester.SetPropertiesRule org.apache.juli.logging.Log
DEBUG - org.apache.tomcat.util.digester.SetPropertiesRule org.apache.tomcat.util.IntrospectionUtils
DEBUG - org.apache.tomcat.util.digester.SetPropertiesRule org.apache.tomcat.util.digester.Digester
DEBUG - org.apache.tomcat.util.digester.SetPropertiesRule org.apache.tomcat.util.digester.Rule
DEBUG - org.apache.tomcat.util.digester.SetPropertiesRule org.xml.sax.Attributes
DEBUG - org.apache.catalina.core.NamingContextListener org.apache.catalina.core.StandardContext
DEBUG - org.apache.catalina.core.NamingContextListener org.apache.catalina.core.StandardServer
DEBUG - org.apache.catalina.core.NamingContextListener org.apache.catalina.startup.FailedContext
DEBUG - org.apache.catalina.core.NamingContextListener org.apache.tomcat.unittest.TesterContext
DEBUG - org.apache.tomcat.util.digester.Digester java.io.File
DEBUG - org.apache.tomcat.util.digester.Digester java.io.FileInputStream
DEBUG - org.apache.tomcat.util.digester.Digester java.io.IOException
DEBUG - org.apache.tomcat.util.digester.Digester java.io.InputStream
DEBUG - org.apache.tomcat.util.digester.Digester java.io.UnsupportedEncodingException
DEBUG - org.apache.tomcat.util.digester.Digester java.lang.Boolean
DEBUG - org.apache.tomcat.util.digester.Digester java.lang.Class
DEBUG - org.apache.tomcat.util.digester.Digester java.lang.ClassLoader
DEBUG - org.apache.tomcat.util.digester.Digester java.lang.Deprecated
DEBUG - org.apache.tomcat.util.digester.Digester java.lang.Error
DEBUG - org.apache.tomcat.util.digester.Digester java.lang.Exception
DEBUG - org.apache.tomcat.util.digester.Digester java.lang.Object
DEBUG - org.apache.tomcat.util.digester.Digester java.lang.String
DEBUG - org.apache.tomcat.util.digester.Digester java.lang.StringBuilder
DEBUG - org.apache.tomcat.util.digester.Digester java.lang.System
DEBUG - org.apache.tomcat.util.digester.Digester java.lang.Thread
DEBUG - org.apache.tomcat.util.digester.Digester java.lang.ThreadDeath
DEBUG - org.apache.tomcat.util.digester.Digester java.lang.Throwable
DEBUG - org.apache.tomcat.util.digester.Digester java.lang.VirtualMachineError
DEBUG - org.apache.tomcat.util.digester.Digester java.lang.reflect.Constructor
DEBUG - org.apache.tomcat.util.digester.Digester java.lang.reflect.InvocationTargetException
DEBUG - org.apache.tomcat.util.digester.Digester java.net.URI
DEBUG - org.apache.tomcat.util.digester.Digester java.net.URISyntaxException
DEBUG - org.apache.tomcat.util.digester.Digester java.nio.charset.Charset
DEBUG - org.apache.tomcat.util.digester.Digester java.util.EmptyStackException
DEBUG - org.apache.tomcat.util.digester.Digester java.util.HashMap
DEBUG - org.apache.tomcat.util.digester.Digester java.util.Hashtable
DEBUG - org.apache.tomcat.util.digester.Digester java.util.Iterator
DEBUG - org.apache.tomcat.util.digester.Digester java.util.List
DEBUG - org.apache.tomcat.util.digester.Digester java.util.Map
DEBUG - org.apache.tomcat.util.digester.Digester java.util.Properties
DEBUG - org.apache.tomcat.util.digester.Digester java.util.Set
DEBUG - org.apache.tomcat.util.digester.Digester javax.xml.parsers.ParserConfigurationException
DEBUG - org.apache.tomcat.util.digester.Digester javax.xml.parsers.SAXParser
DEBUG - org.apache.tomcat.util.digester.Digester javax.xml.parsers.SAXParserFactory
DEBUG - org.apache.tomcat.util.digester.Digester org.apache.catalina.loader.WebappClassLoaderBase
DEBUG - org.apache.tomcat.util.digester.Digester org.apache.juli.logging.Log
DEBUG - org.apache.tomcat.util.digester.Digester org.apache.juli.logging.LogFactory
DEBUG - org.apache.tomcat.util.digester.Digester org.apache.tomcat.util.ExceptionUtils
DEBUG - org.apache.tomcat.util.digester.Digester org.apache.tomcat.util.IntrospectionUtils
DEBUG - org.apache.tomcat.util.digester.Digester org.apache.tomcat.util.IntrospectionUtils$PropertySource
DEBUG - org.apache.tomcat.util.digester.Digester org.apache.tomcat.util.buf.B2CConverter
DEBUG - org.apache.tomcat.util.digester.Digester org.apache.tomcat.util.digester.ArrayStack
DEBUG - org.apache.tomcat.util.digester.Digester org.apache.tomcat.util.digester.CallMethodRule
DEBUG - org.apache.tomcat.util.digester.Digester org.apache.tomcat.util.digester.CallParamRule
DEBUG - org.apache.tomcat.util.digester.Digester org.apache.tomcat.util.digester.Digester$1
DEBUG - org.apache.tomcat.util.digester.Digester org.apache.tomcat.util.digester.Digester$EnvironmentPropertySource
DEBUG - org.apache.tomcat.util.digester.Digester org.apache.tomcat.util.digester.Digester$SystemPropertySource
DEBUG - org.apache.tomcat.util.digester.Digester org.apache.tomcat.util.digester.DocumentProperties
DEBUG - org.apache.tomcat.util.digester.Digester org.apache.tomcat.util.digester.DocumentProperties$Charset
DEBUG - org.apache.tomcat.util.digester.Digester org.apache.tomcat.util.digester.DocumentProperties$Encoding
DEBUG - org.apache.tomcat.util.digester.Digester org.apache.tomcat.util.digester.FactoryCreateRule
DEBUG - org.apache.tomcat.util.digester.Digester org.apache.tomcat.util.digester.ObjectCreateRule
DEBUG - org.apache.tomcat.util.digester.Digester org.apache.tomcat.util.digester.ObjectCreationFactory
DEBUG - org.apache.tomcat.util.digester.Digester org.apache.tomcat.util.digester.Rule
DEBUG - org.apache.tomcat.util.digester.Digester org.apache.tomcat.util.digester.RuleSet
DEBUG - org.apache.tomcat.util.digester.Digester org.apache.tomcat.util.digester.Rules
DEBUG - org.apache.tomcat.util.digester.Digester org.apache.tomcat.util.digester.RulesBase
DEBUG - org.apache.tomcat.util.digester.Digester org.apache.tomcat.util.digester.SetNextRule
DEBUG - org.apache.tomcat.util.digester.Digester org.apache.tomcat.util.digester.SetPropertiesRule
DEBUG - org.apache.tomcat.util.digester.Digester org.apache.tomcat.util.res.StringManager
DEBUG - org.apache.tomcat.util.digester.Digester org.xml.sax.Attributes
DEBUG - org.apache.tomcat.util.digester.Digester org.xml.sax.ContentHandler
DEBUG - org.apache.tomcat.util.digester.Digester org.xml.sax.DTDHandler
DEBUG - org.apache.tomcat.util.digester.Digester org.xml.sax.EntityResolver
DEBUG - org.apache.tomcat.util.digester.Digester org.xml.sax.ErrorHandler
DEBUG - org.apache.tomcat.util.digester.Digester org.xml.sax.InputSource
DEBUG - org.apache.tomcat.util.digester.Digester org.xml.sax.Locator
DEBUG - org.apache.tomcat.util.digester.Digester org.xml.sax.SAXException
DEBUG - org.apache.tomcat.util.digester.Digester org.xml.sax.SAXNotRecognizedException
DEBUG - org.apache.tomcat.util.digester.Digester org.xml.sax.SAXNotSupportedException
DEBUG - org.apache.tomcat.util.digester.Digester org.xml.sax.SAXParseException
DEBUG - org.apache.tomcat.util.digester.Digester org.xml.sax.XMLReader
DEBUG - org.apache.tomcat.util.digester.Digester org.xml.sax.ext.DefaultHandler2
DEBUG - org.apache.tomcat.util.digester.Digester org.xml.sax.ext.Locator2
DEBUG - org.apache.tomcat.util.digester.Digester org.xml.sax.helpers.AttributesImpl
DEBUG - org.apache.tomcat.util.digester.DocumentProperties$Charset java.lang.Object
DEBUG - org.apache.tomcat.util.digester.DocumentProperties$Charset java.nio.charset.Charset
DEBUG - org.apache.tomcat.util.digester.DocumentProperties$Charset org.apache.tomcat.util.digester.DocumentProperties
DEBUG - org.apache.tomcat.util.digester.RuleSet java.lang.Deprecated
DEBUG - org.apache.tomcat.util.digester.RuleSet java.lang.Object
DEBUG - org.apache.tomcat.util.digester.RuleSet java.lang.String
DEBUG - org.apache.tomcat.util.digester.RuleSet org.apache.tomcat.util.digester.Digester
DEBUG - org.apache.catalina.ha.tcp.SimpleTcpCluster org.apache.catalina.core.StandardEngine
DEBUG - org.apache.catalina.ha.tcp.SimpleTcpCluster org.apache.catalina.ha.session.ClusterManagerBase
DEBUG - org.apache.catalina.core.StandardService org.apache.catalina.util.LifecycleMBeanBase
DEBUG - org.apache.catalina.mbeans.MBeanUtils org.apache.catalina.core.StandardContext
DEBUG - org.apache.catalina.mbeans.MBeanUtils org.apache.catalina.core.StandardServer
DEBUG - org.apache.catalina.mbeans.MBeanUtils org.apache.catalina.startup.FailedContext
DEBUG - org.apache.catalina.mbeans.MBeanUtils org.apache.tomcat.unittest.TesterContext
DEBUG - org.apache.catalina.loader.ParallelWebappClassLoader java.lang.Class
DEBUG - org.apache.catalina.loader.ParallelWebappClassLoader java.lang.ClassLoader
DEBUG - org.apache.catalina.loader.ParallelWebappClassLoader java.lang.IllegalStateException
DEBUG - org.apache.catalina.loader.ParallelWebappClassLoader java.lang.Object
DEBUG - org.apache.catalina.loader.ParallelWebappClassLoader java.lang.String
DEBUG - org.apache.catalina.loader.ParallelWebappClassLoader java.lang.Throwable
DEBUG - org.apache.catalina.loader.ParallelWebappClassLoader org.apache.catalina.LifecycleException
DEBUG - org.apache.catalina.loader.ParallelWebappClassLoader org.apache.catalina.loader.WebappClassLoaderBase
DEBUG - org.apache.catalina.loader.ParallelWebappClassLoader org.apache.juli.logging.Log
DEBUG - org.apache.catalina.loader.ParallelWebappClassLoader org.apache.juli.logging.LogFactory
DEBUG - org.apache.catalina.loader.ParallelWebappClassLoader org.apache.tomcat.util.res.StringManager
DEBUG - org.apache.tomcat.util.digester.DocumentProperties$Encoding java.lang.Deprecated
DEBUG - org.apache.tomcat.util.digester.DocumentProperties$Encoding java.lang.Object
DEBUG - org.apache.tomcat.util.digester.DocumentProperties$Encoding java.lang.String
DEBUG - org.apache.tomcat.util.digester.DocumentProperties$Encoding org.apache.tomcat.util.digester.DocumentProperties
DEBUG - org.apache.catalina.filters.CorsFilter org.apache.catalina.filters.TesterHttpServletRequest
DEBUG - org.apache.catalina.loader.WebappClassLoaderBase$PrivilegedJavaseGetResource java.lang.ClassLoader
DEBUG - org.apache.catalina.loader.WebappClassLoaderBase$PrivilegedJavaseGetResource java.lang.Object
DEBUG - org.apache.catalina.loader.WebappClassLoaderBase$PrivilegedJavaseGetResource java.lang.String
DEBUG - org.apache.catalina.loader.WebappClassLoaderBase$PrivilegedJavaseGetResource java.net.URL
DEBUG - org.apache.catalina.loader.WebappClassLoaderBase$PrivilegedJavaseGetResource java.security.PrivilegedAction
DEBUG - org.apache.catalina.loader.WebappClassLoaderBase$PrivilegedJavaseGetResource org.apache.catalina.loader.WebappClassLoaderBase
DEBUG - org.apache.catalina.realm.GenericPrincipal javax.el.Expression
DEBUG - org.apache.catalina.realm.GenericPrincipal javax.el.ValueReference
DEBUG - org.apache.catalina.realm.GenericPrincipal javax.servlet.http.Cookie
DEBUG - org.apache.catalina.realm.GenericPrincipal javax.servlet.jsp.tagext.TagSupport
DEBUG - org.apache.catalina.realm.GenericPrincipal num.NumberGuessBean
DEBUG - org.apache.catalina.realm.GenericPrincipal org.apache.catalina.authenticator.SingleSignOnEntry
DEBUG - org.apache.catalina.realm.GenericPrincipal org.apache.catalina.authenticator.SingleSignOnListener
DEBUG - org.apache.catalina.realm.GenericPrincipal org.apache.catalina.authenticator.SingleSignOnSessionKey
DEBUG - org.apache.catalina.realm.GenericPrincipal org.apache.catalina.connector.CoyotePrincipal
DEBUG - org.apache.catalina.realm.GenericPrincipal org.apache.catalina.core.ApplicationFilterConfig
DEBUG - org.apache.catalina.realm.GenericPrincipal org.apache.catalina.deploy.NamingResourcesImpl
DEBUG - org.apache.catalina.realm.GenericPrincipal org.apache.catalina.realm.GenericPrincipal
DEBUG - org.apache.catalina.realm.GenericPrincipal org.apache.catalina.realm.TesterPrincipal
DEBUG - org.apache.catalina.realm.GenericPrincipal org.apache.catalina.servlet4preview.GenericFilter
DEBUG - org.apache.catalina.realm.GenericPrincipal org.apache.catalina.session.StandardSession
DEBUG - org.apache.catalina.realm.GenericPrincipal org.apache.catalina.tribes.tipis.AbstractReplicatedMap
DEBUG - org.apache.catalina.realm.GenericPrincipal org.apache.catalina.util.ParameterMap
DEBUG - org.apache.catalina.realm.GenericPrincipal org.apache.tomcat.dbcp.dbcp2.cpdsadapter.DriverAdapterCPDS
DEBUG - org.apache.catalina.realm.GenericPrincipal org.apache.tomcat.dbcp.dbcp2.datasources.InstanceKeyDataSource
DEBUG - org.apache.catalina.realm.GenericPrincipal org.apache.tomcat.jdbc.pool.PoolProperties
DEBUG - org.apache.catalina.realm.GenericPrincipal org.apache.tomcat.util.buf.AbstractChunk
DEBUG - org.apache.catalina.realm.GenericPrincipal org.apache.tomcat.util.buf.MessageBytes
DEBUG - org.apache.catalina.realm.GenericPrincipal org.apache.tomcat.util.descriptor.web.ApplicationParameter
DEBUG - org.apache.catalina.realm.GenericPrincipal org.apache.tomcat.util.descriptor.web.ContextTransaction
DEBUG - org.apache.catalina.realm.GenericPrincipal org.apache.tomcat.util.descriptor.web.ErrorPage
DEBUG - org.apache.catalina.realm.GenericPrincipal org.apache.tomcat.util.descriptor.web.FilterDef
DEBUG - org.apache.catalina.realm.GenericPrincipal org.apache.tomcat.util.descriptor.web.FilterMap
DEBUG - org.apache.catalina.realm.GenericPrincipal org.apache.tomcat.util.descriptor.web.InjectionTarget
DEBUG - org.apache.catalina.realm.GenericPrincipal org.apache.tomcat.util.descriptor.web.LoginConfig
DEBUG - org.apache.catalina.realm.GenericPrincipal org.apache.tomcat.util.descriptor.web.MultipartDef
DEBUG - org.apache.catalina.realm.GenericPrincipal org.apache.tomcat.util.descriptor.web.ResourceBase
DEBUG - org.apache.catalina.realm.GenericPrincipal org.apache.tomcat.util.descriptor.web.SecurityCollection
DEBUG - org.apache.catalina.realm.GenericPrincipal org.apache.tomcat.util.descriptor.web.SecurityConstraint
DEBUG - org.apache.catalina.realm.GenericPrincipal org.apache.tomcat.util.descriptor.web.SecurityRoleRef
DEBUG - org.apache.catalina.realm.GenericPrincipal org.apache.tomcat.util.descriptor.web.ServletDef
DEBUG - org.apache.catalina.realm.GenericPrincipal org.apache.tomcat.util.http.ServerCookie
DEBUG - org.apache.catalina.realm.GenericPrincipal org.apache.tomcat.util.http.fileupload.util.FileItemHeadersImpl
DEBUG - org.apache.catalina.realm.GenericPrincipal org.apache.tomcat.util.modeler.FeatureInfo
DEBUG - org.apache.catalina.realm.GenericPrincipal org.apache.tomcat.util.net.SSLHostConfig
DEBUG - org.apache.catalina.realm.GenericPrincipal org.apache.tomcat.util.net.SSLHostConfigCertificate
DEBUG - org.apache.catalina.realm.GenericPrincipal org.apache.tomcat.util.net.openssl.OpenSSLConf
DEBUG - org.apache.catalina.realm.GenericPrincipal org.apache.tomcat.util.net.openssl.OpenSSLConfCmd
DEBUG - org.apache.catalina.startup.HostConfig org.apache.catalina.ha.session.BackupManager
DEBUG - org.apache.catalina.filters.RemoteIpFilter org.apache.catalina.connector.Response
DEBUG - org.apache.catalina.filters.RemoteIpFilter org.apache.catalina.connector.ResponseFacade
DEBUG - org.apache.catalina.filters.RemoteIpFilter org.apache.catalina.filters.TesterHttpServletResponse
DEBUG - org.apache.tomcat.util.digester.Digester$SystemPropertySource java.lang.ClassLoader
DEBUG - org.apache.tomcat.util.digester.Digester$SystemPropertySource java.lang.Object
DEBUG - org.apache.tomcat.util.digester.Digester$SystemPropertySource java.lang.String
DEBUG - org.apache.tomcat.util.digester.Digester$SystemPropertySource java.lang.System
DEBUG - org.apache.tomcat.util.digester.Digester$SystemPropertySource java.security.Permission
DEBUG - org.apache.tomcat.util.digester.Digester$SystemPropertySource java.util.PropertyPermission
DEBUG - org.apache.tomcat.util.digester.Digester$SystemPropertySource org.apache.tomcat.util.IntrospectionUtils
DEBUG - org.apache.tomcat.util.digester.Digester$SystemPropertySource org.apache.tomcat.util.IntrospectionUtils$SecurePropertySource
DEBUG - org.apache.tomcat.util.digester.Digester$SystemPropertySource org.apache.tomcat.util.digester.Digester
DEBUG - org.apache.tomcat.util.digester.Digester$SystemPropertySource org.apache.tomcat.util.digester.Digester$1
DEBUG - org.apache.tomcat.util.digester.Digester$SystemPropertySource org.apache.tomcat.util.security.PermissionCheck
DEBUG - org.apache.catalina.ha.session.DeltaSession javax.el.Expression
DEBUG - org.apache.catalina.ha.session.DeltaSession javax.el.ValueReference
DEBUG - org.apache.catalina.ha.session.DeltaSession javax.servlet.http.Cookie
DEBUG - org.apache.catalina.ha.session.DeltaSession javax.servlet.jsp.tagext.TagSupport
DEBUG - org.apache.catalina.ha.session.DeltaSession num.NumberGuessBean
DEBUG - org.apache.catalina.ha.session.DeltaSession org.apache.catalina.authenticator.SingleSignOnEntry
DEBUG - org.apache.catalina.ha.session.DeltaSession org.apache.catalina.authenticator.SingleSignOnListener
DEBUG - org.apache.catalina.ha.session.DeltaSession org.apache.catalina.authenticator.SingleSignOnSessionKey
DEBUG - org.apache.catalina.ha.session.DeltaSession org.apache.catalina.connector.CoyotePrincipal
DEBUG - org.apache.catalina.ha.session.DeltaSession org.apache.catalina.core.ApplicationFilterConfig
DEBUG - org.apache.catalina.ha.session.DeltaSession org.apache.catalina.deploy.NamingResourcesImpl
DEBUG - org.apache.catalina.ha.session.DeltaSession org.apache.catalina.realm.GenericPrincipal
DEBUG - org.apache.catalina.ha.session.DeltaSession org.apache.catalina.realm.TesterPrincipal
DEBUG - org.apache.catalina.ha.session.DeltaSession org.apache.catalina.servlet4preview.GenericFilter
DEBUG - org.apache.catalina.ha.session.DeltaSession org.apache.catalina.session.StandardSession
DEBUG - org.apache.catalina.ha.session.DeltaSession org.apache.catalina.tribes.tipis.AbstractReplicatedMap
DEBUG - org.apache.catalina.ha.session.DeltaSession org.apache.catalina.util.ParameterMap
DEBUG - org.apache.catalina.ha.session.DeltaSession org.apache.tomcat.dbcp.dbcp2.cpdsadapter.DriverAdapterCPDS
DEBUG - org.apache.catalina.ha.session.DeltaSession org.apache.tomcat.dbcp.dbcp2.datasources.InstanceKeyDataSource
DEBUG - org.apache.catalina.ha.session.DeltaSession org.apache.tomcat.jdbc.pool.PoolProperties
DEBUG - org.apache.catalina.ha.session.DeltaSession org.apache.tomcat.util.buf.AbstractChunk
DEBUG - org.apache.catalina.ha.session.DeltaSession org.apache.tomcat.util.buf.MessageBytes
DEBUG - org.apache.catalina.ha.session.DeltaSession org.apache.tomcat.util.descriptor.web.ApplicationParameter
DEBUG - org.apache.catalina.ha.session.DeltaSession org.apache.tomcat.util.descriptor.web.ContextTransaction
DEBUG - org.apache.catalina.ha.session.DeltaSession org.apache.tomcat.util.descriptor.web.ErrorPage
DEBUG - org.apache.catalina.ha.session.DeltaSession org.apache.tomcat.util.descriptor.web.FilterDef
DEBUG - org.apache.catalina.ha.session.DeltaSession org.apache.tomcat.util.descriptor.web.FilterMap
DEBUG - org.apache.catalina.ha.session.DeltaSession org.apache.tomcat.util.descriptor.web.InjectionTarget
DEBUG - org.apache.catalina.ha.session.DeltaSession org.apache.tomcat.util.descriptor.web.LoginConfig
DEBUG - org.apache.catalina.ha.session.DeltaSession org.apache.tomcat.util.descriptor.web.MultipartDef
DEBUG - org.apache.catalina.ha.session.DeltaSession org.apache.tomcat.util.descriptor.web.ResourceBase
DEBUG - org.apache.catalina.ha.session.DeltaSession org.apache.tomcat.util.descriptor.web.SecurityCollection
DEBUG - org.apache.catalina.ha.session.DeltaSession org.apache.tomcat.util.descriptor.web.SecurityConstraint
DEBUG - org.apache.catalina.ha.session.DeltaSession org.apache.tomcat.util.descriptor.web.SecurityRoleRef
DEBUG - org.apache.catalina.ha.session.DeltaSession org.apache.tomcat.util.descriptor.web.ServletDef
DEBUG - org.apache.catalina.ha.session.DeltaSession org.apache.tomcat.util.http.ServerCookie
DEBUG - org.apache.catalina.ha.session.DeltaSession org.apache.tomcat.util.http.fileupload.util.FileItemHeadersImpl
DEBUG - org.apache.catalina.ha.session.DeltaSession org.apache.tomcat.util.modeler.FeatureInfo
DEBUG - org.apache.catalina.ha.session.DeltaSession org.apache.tomcat.util.net.SSLHostConfig
DEBUG - org.apache.catalina.ha.session.DeltaSession org.apache.tomcat.util.net.SSLHostConfigCertificate
DEBUG - org.apache.catalina.ha.session.DeltaSession org.apache.tomcat.util.net.openssl.OpenSSLConf
DEBUG - org.apache.catalina.ha.session.DeltaSession org.apache.tomcat.util.net.openssl.OpenSSLConfCmd
DEBUG - org.apache.tomcat.util.digester.RulesBase java.lang.Deprecated
DEBUG - org.apache.tomcat.util.digester.RulesBase java.lang.Object
DEBUG - org.apache.tomcat.util.digester.RulesBase java.lang.String
DEBUG - org.apache.tomcat.util.digester.RulesBase java.util.ArrayList
DEBUG - org.apache.tomcat.util.digester.RulesBase java.util.HashMap
DEBUG - org.apache.tomcat.util.digester.RulesBase java.util.Iterator
DEBUG - org.apache.tomcat.util.digester.RulesBase java.util.List
DEBUG - org.apache.tomcat.util.digester.RulesBase java.util.Set
DEBUG - org.apache.tomcat.util.digester.RulesBase org.apache.tomcat.util.digester.Digester
DEBUG - org.apache.tomcat.util.digester.RulesBase org.apache.tomcat.util.digester.Rule
DEBUG - org.apache.tomcat.util.digester.RulesBase org.apache.tomcat.util.digester.Rules
DEBUG - org.apache.tomcat.dbcp.pool2.impl.DefaultPooledObject org.apache.tomcat.dbcp.dbcp2.AbandonedTrace
DEBUG - org.apache.catalina.core.AsyncContextImpl org.apache.catalina.connector.Response
DEBUG - org.apache.catalina.core.AsyncContextImpl org.apache.catalina.connector.ResponseFacade
DEBUG - org.apache.catalina.core.AsyncContextImpl org.apache.catalina.filters.TesterHttpServletRequest
DEBUG - org.apache.catalina.core.AsyncContextImpl org.apache.catalina.filters.TesterHttpServletResponse
DEBUG - org.apache.tomcat.util.digester.ArrayStack java.lang.Object
DEBUG - org.apache.tomcat.util.digester.ArrayStack java.util.ArrayList
DEBUG - org.apache.tomcat.util.digester.ArrayStack java.util.EmptyStackException
DEBUG - org.apache.catalina.core.ApplicationContext async.AsyncStockContextListener
DEBUG - org.apache.catalina.core.ApplicationContext listeners.ContextListener
DEBUG - org.apache.catalina.core.ApplicationContext org.apache.catalina.core.TesterTldListener
DEBUG - org.apache.catalina.core.ApplicationContext org.apache.tomcat.websocket.server.WsContextListener
DEBUG - org.apache.catalina.core.ApplicationContext websocket.drawboard.DrawboardContextListener
DEBUG - org.apache.catalina.startup.LifecycleListenerRule org.apache.catalina.core.ContainerBase
DEBUG - org.apache.tomcat.util.digester.Rules java.lang.Deprecated
DEBUG - org.apache.tomcat.util.digester.Rules java.lang.Object
DEBUG - org.apache.tomcat.util.digester.Rules java.lang.String
DEBUG - org.apache.tomcat.util.digester.Rules java.util.List
DEBUG - org.apache.tomcat.util.digester.Rules org.apache.tomcat.util.digester.Digester
DEBUG - org.apache.tomcat.util.digester.Rules org.apache.tomcat.util.digester.Rule
DEBUG - org.apache.catalina.startup.ContextConfig org.apache.catalina.core.StandardHost
DEBUG - org.apache.catalina.startup.ContextConfig org.apache.tomcat.unittest.TesterHost
DEBUG - org.apache.coyote.http11.AbstractHttp11Protocol org.apache.tomcat.websocket.server.WsHttpUpgradeHandler
DEBUG - org.apache.catalina.core.StandardHost org.apache.catalina.core.StandardContext
DEBUG - org.apache.catalina.core.StandardHost org.apache.catalina.core.StandardEngine
DEBUG - org.apache.catalina.core.StandardHost org.apache.catalina.startup.FailedContext
DEBUG - org.apache.catalina.core.StandardHost org.apache.catalina.util.LifecycleMBeanBase
DEBUG - org.apache.catalina.core.StandardHost org.apache.tomcat.unittest.TesterContext
DEBUG - org.apache.catalina.ha.session.JvmRouteBinderValve org.apache.catalina.ha.tcp.SimpleTcpCluster
DEBUG - org.apache.naming.NamingContext org.apache.naming.NamingContext
DEBUG - org.apache.naming.NamingContext org.apache.naming.SelectorContext
DEBUG - org.apache.naming.NamingContext org.apache.tomcat.dbcp.dbcp2.cpdsadapter.DriverAdapterCPDS
DEBUG - org.apache.naming.NamingContext org.apache.tomcat.dbcp.dbcp2.datasources.InstanceKeyDataSource
DEBUG - org.apache.tomcat.util.digester.RuleSetBase java.lang.Deprecated
DEBUG - org.apache.tomcat.util.digester.RuleSetBase java.lang.Object
DEBUG - org.apache.tomcat.util.digester.RuleSetBase java.lang.String
DEBUG - org.apache.tomcat.util.digester.RuleSetBase org.apache.tomcat.util.digester.Digester
DEBUG - org.apache.tomcat.util.digester.RuleSetBase org.apache.tomcat.util.digester.RuleSet
DEBUG - org.apache.catalina.loader.WebappClassLoaderBase$CombinedEnumeration java.lang.Object
DEBUG - org.apache.catalina.loader.WebappClassLoaderBase$CombinedEnumeration java.net.URL
DEBUG - org.apache.catalina.loader.WebappClassLoaderBase$CombinedEnumeration java.util.Enumeration
DEBUG - org.apache.catalina.loader.WebappClassLoaderBase$CombinedEnumeration java.util.NoSuchElementException
DEBUG - org.apache.catalina.loader.WebappClassLoaderBase$CombinedEnumeration org.apache.catalina.loader.WebappClassLoaderBase
DEBUG - org.apache.catalina.Loader java.beans.PropertyChangeListener
DEBUG - org.apache.catalina.Loader java.lang.ClassLoader
DEBUG - org.apache.catalina.Loader java.lang.Object
DEBUG - org.apache.catalina.Loader org.apache.catalina.Context
DEBUG - org.apache.tomcat.util.digester.DocumentProperties java.lang.Object
DEBUG - org.apache.tomcat.util.digester.DocumentProperties org.apache.tomcat.util.digester.DocumentProperties$Charset
DEBUG - org.apache.tomcat.util.digester.DocumentProperties org.apache.tomcat.util.digester.DocumentProperties$Encoding
DEBUG - org.apache.tomcat.util.digester.ObjectCreateRule java.lang.Class
DEBUG - org.apache.tomcat.util.digester.ObjectCreateRule java.lang.ClassLoader
DEBUG - org.apache.tomcat.util.digester.ObjectCreateRule java.lang.Exception
DEBUG - org.apache.tomcat.util.digester.ObjectCreateRule java.lang.NullPointerException
DEBUG - org.apache.tomcat.util.digester.ObjectCreateRule java.lang.Object
DEBUG - org.apache.tomcat.util.digester.ObjectCreateRule java.lang.String
DEBUG - org.apache.tomcat.util.digester.ObjectCreateRule java.lang.StringBuilder
DEBUG - org.apache.tomcat.util.digester.ObjectCreateRule java.lang.reflect.Constructor
DEBUG - org.apache.tomcat.util.digester.ObjectCreateRule org.apache.juli.logging.Log
DEBUG - org.apache.tomcat.util.digester.ObjectCreateRule org.apache.tomcat.util.digester.Digester
DEBUG - org.apache.tomcat.util.digester.ObjectCreateRule org.apache.tomcat.util.digester.Rule
DEBUG - org.apache.tomcat.util.digester.ObjectCreateRule org.xml.sax.Attributes
DEBUG - org.apache.catalina.mbeans.ContainerMBean org.apache.catalina.util.LifecycleMBeanBase
DEBUG - org.apache.tomcat.util.digester.CallParamRule java.lang.Exception
DEBUG - org.apache.tomcat.util.digester.CallParamRule java.lang.Object
DEBUG - org.apache.tomcat.util.digester.CallParamRule java.lang.String
DEBUG - org.apache.tomcat.util.digester.CallParamRule java.lang.StringBuilder
DEBUG - org.apache.tomcat.util.digester.CallParamRule org.apache.juli.logging.Log
DEBUG - org.apache.tomcat.util.digester.CallParamRule org.apache.tomcat.util.digester.ArrayStack
DEBUG - org.apache.tomcat.util.digester.CallParamRule org.apache.tomcat.util.digester.Digester
DEBUG - org.apache.tomcat.util.digester.CallParamRule org.apache.tomcat.util.digester.Rule
DEBUG - org.apache.tomcat.util.digester.CallParamRule org.xml.sax.Attributes
DEBUG - org.apache.tomcat.util.digester.Rule java.lang.Exception
DEBUG - org.apache.tomcat.util.digester.Rule java.lang.Object
DEBUG - org.apache.tomcat.util.digester.Rule java.lang.String
DEBUG - org.apache.tomcat.util.digester.Rule org.apache.tomcat.util.digester.Digester
DEBUG - org.apache.tomcat.util.digester.Rule org.xml.sax.Attributes
DEBUG - org.apache.catalina.loader.WebappClassLoaderBase$PrivilegedGetClassLoader java.lang.Class
DEBUG - org.apache.catalina.loader.WebappClassLoaderBase$PrivilegedGetClassLoader java.lang.ClassLoader
DEBUG - org.apache.catalina.loader.WebappClassLoaderBase$PrivilegedGetClassLoader java.lang.Object
DEBUG - org.apache.catalina.loader.WebappClassLoaderBase$PrivilegedGetClassLoader java.security.PrivilegedAction
DEBUG - org.apache.catalina.loader.WebappClassLoaderBase$PrivilegedGetClassLoader org.apache.catalina.loader.WebappClassLoaderBase
DEBUG - org.apache.catalina.valves.PersistentValve org.apache.catalina.core.StandardHost
DEBUG - org.apache.catalina.valves.PersistentValve org.apache.catalina.session.PersistentManagerBase
DEBUG - org.apache.catalina.valves.PersistentValve org.apache.tomcat.unittest.TesterHost
DEBUG - org.apache.catalina.startup.FailedContext org.apache.catalina.core.StandardContext
DEBUG - org.apache.catalina.startup.FailedContext org.apache.catalina.core.StandardHost
DEBUG - org.apache.catalina.startup.FailedContext org.apache.catalina.startup.FailedContext
DEBUG - org.apache.catalina.startup.FailedContext org.apache.tomcat.unittest.TesterContext
DEBUG - org.apache.catalina.startup.FailedContext org.apache.tomcat.unittest.TesterHost
DEBUG - org.apache.tomcat.util.digester.CallMethodRule java.lang.Class
DEBUG - org.apache.tomcat.util.digester.CallMethodRule java.lang.ClassLoader
DEBUG - org.apache.tomcat.util.digester.CallMethodRule java.lang.ClassNotFoundException
DEBUG - org.apache.tomcat.util.digester.CallMethodRule java.lang.Deprecated
DEBUG - org.apache.tomcat.util.digester.CallMethodRule java.lang.Exception
DEBUG - org.apache.tomcat.util.digester.CallMethodRule java.lang.Object
DEBUG - org.apache.tomcat.util.digester.CallMethodRule java.lang.String
DEBUG - org.apache.tomcat.util.digester.CallMethodRule java.lang.StringBuilder
DEBUG - org.apache.tomcat.util.digester.CallMethodRule java.lang.Throwable
DEBUG - org.apache.tomcat.util.digester.CallMethodRule org.apache.juli.logging.Log
DEBUG - org.apache.tomcat.util.digester.CallMethodRule org.apache.tomcat.util.IntrospectionUtils
DEBUG - org.apache.tomcat.util.digester.CallMethodRule org.apache.tomcat.util.digester.Digester
DEBUG - org.apache.tomcat.util.digester.CallMethodRule org.apache.tomcat.util.digester.Rule
DEBUG - org.apache.tomcat.util.digester.CallMethodRule org.xml.sax.Attributes
DEBUG - org.apache.tomcat.util.digester.CallMethodRule org.xml.sax.SAXException
DEBUG - org.apache.catalina.loader.WebappClassLoaderBase$PrivilegedHasLoggingConfig java.lang.Boolean
DEBUG - org.apache.catalina.loader.WebappClassLoaderBase$PrivilegedHasLoggingConfig java.lang.Object
DEBUG - org.apache.catalina.loader.WebappClassLoaderBase$PrivilegedHasLoggingConfig java.lang.String
DEBUG - org.apache.catalina.loader.WebappClassLoaderBase$PrivilegedHasLoggingConfig java.net.URL
DEBUG - org.apache.catalina.loader.WebappClassLoaderBase$PrivilegedHasLoggingConfig java.security.PrivilegedAction
DEBUG - org.apache.catalina.loader.WebappClassLoaderBase$PrivilegedHasLoggingConfig org.apache.catalina.loader.WebappClassLoaderBase
DEBUG - org.apache.catalina.loader.WebappClassLoaderBase$PrivilegedHasLoggingConfig org.apache.catalina.loader.WebappClassLoaderBase$1
